Start testing: May 08 10:23 CST
----------------------------------------------------------
1/40 Testing: compile with bug-checkers
1/40 Test: compile with bug-checkers
Command: "/usr/bin/cmake" "--build" "/home/yukinisakuhana/program/cs144/cmake-build" "-t" "functionality_testing" "webget"
Directory: /home/yukinisakuhana/program/cs144/cmake-build
"compile with bug-checkers" start time: May 08 10:23 CST
Output:
----------------------------------------------------------
ninja: no work to do.
<end of output>
Test time =   0.02 sec
----------------------------------------------------------
Test Passed.
"compile with bug-checkers" end time: May 08 10:23 CST
"compile with bug-checkers" time elapsed: 00:00:00
----------------------------------------------------------

3/40 Testing: byte_stream_basics
3/40 Test: byte_stream_basics
Command: "/home/yukinisakuhana/program/cs144/cmake-build/tests/byte_stream_basics_sanitized"
Directory: /home/yukinisakuhana/program/cs144/cmake-build
"byte_stream_basics" start time: May 08 10:23 CST
Output:
----------------------------------------------------------
<end of output>
Test time =   0.01 sec
----------------------------------------------------------
Test Passed.
"byte_stream_basics" end time: May 08 10:23 CST
"byte_stream_basics" time elapsed: 00:00:00
----------------------------------------------------------

4/40 Testing: byte_stream_capacity
4/40 Test: byte_stream_capacity
Command: "/home/yukinisakuhana/program/cs144/cmake-build/tests/byte_stream_capacity_sanitized"
Directory: /home/yukinisakuhana/program/cs144/cmake-build
"byte_stream_capacity" start time: May 08 10:23 CST
Output:
----------------------------------------------------------
<end of output>
Test time =   0.01 sec
----------------------------------------------------------
Test Passed.
"byte_stream_capacity" end time: May 08 10:23 CST
"byte_stream_capacity" time elapsed: 00:00:00
----------------------------------------------------------

5/40 Testing: byte_stream_one_write
5/40 Test: byte_stream_one_write
Command: "/home/yukinisakuhana/program/cs144/cmake-build/tests/byte_stream_one_write_sanitized"
Directory: /home/yukinisakuhana/program/cs144/cmake-build
"byte_stream_one_write" start time: May 08 10:23 CST
Output:
----------------------------------------------------------
<end of output>
Test time =   0.01 sec
----------------------------------------------------------
Test Passed.
"byte_stream_one_write" end time: May 08 10:23 CST
"byte_stream_one_write" time elapsed: 00:00:00
----------------------------------------------------------

6/40 Testing: byte_stream_two_writes
6/40 Test: byte_stream_two_writes
Command: "/home/yukinisakuhana/program/cs144/cmake-build/tests/byte_stream_two_writes_sanitized"
Directory: /home/yukinisakuhana/program/cs144/cmake-build
"byte_stream_two_writes" start time: May 08 10:23 CST
Output:
----------------------------------------------------------
<end of output>
Test time =   0.01 sec
----------------------------------------------------------
Test Passed.
"byte_stream_two_writes" end time: May 08 10:23 CST
"byte_stream_two_writes" time elapsed: 00:00:00
----------------------------------------------------------

7/40 Testing: byte_stream_many_writes
7/40 Test: byte_stream_many_writes
Command: "/home/yukinisakuhana/program/cs144/cmake-build/tests/byte_stream_many_writes_sanitized"
Directory: /home/yukinisakuhana/program/cs144/cmake-build
"byte_stream_many_writes" start time: May 08 10:23 CST
Output:
----------------------------------------------------------
<end of output>
Test time =   0.05 sec
----------------------------------------------------------
Test Passed.
"byte_stream_many_writes" end time: May 08 10:23 CST
"byte_stream_many_writes" time elapsed: 00:00:00
----------------------------------------------------------

8/40 Testing: byte_stream_stress_test
8/40 Test: byte_stream_stress_test
Command: "/home/yukinisakuhana/program/cs144/cmake-build/tests/byte_stream_stress_test_sanitized"
Directory: /home/yukinisakuhana/program/cs144/cmake-build
"byte_stream_stress_test" start time: May 08 10:23 CST
Output:
----------------------------------------------------------
<end of output>
Test time =   0.10 sec
----------------------------------------------------------
Test Passed.
"byte_stream_stress_test" end time: May 08 10:23 CST
"byte_stream_stress_test" time elapsed: 00:00:00
----------------------------------------------------------

9/40 Testing: reassembler_single
9/40 Test: reassembler_single
Command: "/home/yukinisakuhana/program/cs144/cmake-build/tests/reassembler_single_sanitized"
Directory: /home/yukinisakuhana/program/cs144/cmake-build
"reassembler_single" start time: May 08 10:23 CST
Output:
----------------------------------------------------------
<end of output>
Test time =   0.01 sec
----------------------------------------------------------
Test Passed.
"reassembler_single" end time: May 08 10:23 CST
"reassembler_single" time elapsed: 00:00:00
----------------------------------------------------------

10/40 Testing: reassembler_cap
10/40 Test: reassembler_cap
Command: "/home/yukinisakuhana/program/cs144/cmake-build/tests/reassembler_cap_sanitized"
Directory: /home/yukinisakuhana/program/cs144/cmake-build
"reassembler_cap" start time: May 08 10:23 CST
Output:
----------------------------------------------------------
<end of output>
Test time =   0.01 sec
----------------------------------------------------------
Test Passed.
"reassembler_cap" end time: May 08 10:23 CST
"reassembler_cap" time elapsed: 00:00:00
----------------------------------------------------------

11/40 Testing: reassembler_seq
11/40 Test: reassembler_seq
Command: "/home/yukinisakuhana/program/cs144/cmake-build/tests/reassembler_seq_sanitized"
Directory: /home/yukinisakuhana/program/cs144/cmake-build
"reassembler_seq" start time: May 08 10:23 CST
Output:
----------------------------------------------------------
<end of output>
Test time =   0.02 sec
----------------------------------------------------------
Test Passed.
"reassembler_seq" end time: May 08 10:23 CST
"reassembler_seq" time elapsed: 00:00:00
----------------------------------------------------------

12/40 Testing: reassembler_dup
12/40 Test: reassembler_dup
Command: "/home/yukinisakuhana/program/cs144/cmake-build/tests/reassembler_dup_sanitized"
Directory: /home/yukinisakuhana/program/cs144/cmake-build
"reassembler_dup" start time: May 08 10:23 CST
Output:
----------------------------------------------------------
<end of output>
Test time =   0.03 sec
----------------------------------------------------------
Test Passed.
"reassembler_dup" end time: May 08 10:23 CST
"reassembler_dup" time elapsed: 00:00:00
----------------------------------------------------------

13/40 Testing: reassembler_holes
13/40 Test: reassembler_holes
Command: "/home/yukinisakuhana/program/cs144/cmake-build/tests/reassembler_holes_sanitized"
Directory: /home/yukinisakuhana/program/cs144/cmake-build
"reassembler_holes" start time: May 08 10:23 CST
Output:
----------------------------------------------------------
<end of output>
Test time =   0.01 sec
----------------------------------------------------------
Test Passed.
"reassembler_holes" end time: May 08 10:23 CST
"reassembler_holes" time elapsed: 00:00:00
----------------------------------------------------------

14/40 Testing: reassembler_overlapping
14/40 Test: reassembler_overlapping
Command: "/home/yukinisakuhana/program/cs144/cmake-build/tests/reassembler_overlapping_sanitized"
Directory: /home/yukinisakuhana/program/cs144/cmake-build
"reassembler_overlapping" start time: May 08 10:23 CST
Output:
----------------------------------------------------------
<end of output>
Test time =   0.01 sec
----------------------------------------------------------
Test Passed.
"reassembler_overlapping" end time: May 08 10:23 CST
"reassembler_overlapping" time elapsed: 00:00:00
----------------------------------------------------------

15/40 Testing: reassembler_win
15/40 Test: reassembler_win
Command: "/home/yukinisakuhana/program/cs144/cmake-build/tests/reassembler_win_sanitized"
Directory: /home/yukinisakuhana/program/cs144/cmake-build
"reassembler_win" start time: May 08 10:23 CST
Output:
----------------------------------------------------------
<end of output>
Test time =   0.25 sec
----------------------------------------------------------
Test Passed.
"reassembler_win" end time: May 08 10:23 CST
"reassembler_win" time elapsed: 00:00:00
----------------------------------------------------------

16/40 Testing: wrapping_integers_cmp
16/40 Test: wrapping_integers_cmp
Command: "/home/yukinisakuhana/program/cs144/cmake-build/tests/wrapping_integers_cmp_sanitized"
Directory: /home/yukinisakuhana/program/cs144/cmake-build
"wrapping_integers_cmp" start time: May 08 10:23 CST
Output:
----------------------------------------------------------
<end of output>
Test time =   0.01 sec
----------------------------------------------------------
Test Passed.
"wrapping_integers_cmp" end time: May 08 10:23 CST
"wrapping_integers_cmp" time elapsed: 00:00:00
----------------------------------------------------------

17/40 Testing: wrapping_integers_wrap
17/40 Test: wrapping_integers_wrap
Command: "/home/yukinisakuhana/program/cs144/cmake-build/tests/wrapping_integers_wrap_sanitized"
Directory: /home/yukinisakuhana/program/cs144/cmake-build
"wrapping_integers_wrap" start time: May 08 10:23 CST
Output:
----------------------------------------------------------
<end of output>
Test time =   0.01 sec
----------------------------------------------------------
Test Passed.
"wrapping_integers_wrap" end time: May 08 10:23 CST
"wrapping_integers_wrap" time elapsed: 00:00:00
----------------------------------------------------------

18/40 Testing: wrapping_integers_unwrap
18/40 Test: wrapping_integers_unwrap
Command: "/home/yukinisakuhana/program/cs144/cmake-build/tests/wrapping_integers_unwrap_sanitized"
Directory: /home/yukinisakuhana/program/cs144/cmake-build
"wrapping_integers_unwrap" start time: May 08 10:23 CST
Output:
----------------------------------------------------------
<end of output>
Test time =   0.01 sec
----------------------------------------------------------
Test Passed.
"wrapping_integers_unwrap" end time: May 08 10:23 CST
"wrapping_integers_unwrap" time elapsed: 00:00:00
----------------------------------------------------------

19/40 Testing: wrapping_integers_roundtrip
19/40 Test: wrapping_integers_roundtrip
Command: "/home/yukinisakuhana/program/cs144/cmake-build/tests/wrapping_integers_roundtrip_sanitized"
Directory: /home/yukinisakuhana/program/cs144/cmake-build
"wrapping_integers_roundtrip" start time: May 08 10:23 CST
Output:
----------------------------------------------------------
<end of output>
Test time =   0.14 sec
----------------------------------------------------------
Test Passed.
"wrapping_integers_roundtrip" end time: May 08 10:23 CST
"wrapping_integers_roundtrip" time elapsed: 00:00:00
----------------------------------------------------------

20/40 Testing: wrapping_integers_extra
20/40 Test: wrapping_integers_extra
Command: "/home/yukinisakuhana/program/cs144/cmake-build/tests/wrapping_integers_extra_sanitized"
Directory: /home/yukinisakuhana/program/cs144/cmake-build
"wrapping_integers_extra" start time: May 08 10:23 CST
Output:
----------------------------------------------------------
<end of output>
Test time =   0.09 sec
----------------------------------------------------------
Test Passed.
"wrapping_integers_extra" end time: May 08 10:23 CST
"wrapping_integers_extra" time elapsed: 00:00:00
----------------------------------------------------------

21/40 Testing: recv_connect
21/40 Test: recv_connect
Command: "/home/yukinisakuhana/program/cs144/cmake-build/tests/recv_connect_sanitized"
Directory: /home/yukinisakuhana/program/cs144/cmake-build
"recv_connect" start time: May 08 10:23 CST
Output:
----------------------------------------------------------
<end of output>
Test time =   0.01 sec
----------------------------------------------------------
Test Passed.
"recv_connect" end time: May 08 10:23 CST
"recv_connect" time elapsed: 00:00:00
----------------------------------------------------------

22/40 Testing: recv_transmit
22/40 Test: recv_transmit
Command: "/home/yukinisakuhana/program/cs144/cmake-build/tests/recv_transmit_sanitized"
Directory: /home/yukinisakuhana/program/cs144/cmake-build
"recv_transmit" start time: May 08 10:23 CST
Output:
----------------------------------------------------------
<end of output>
Test time =   0.33 sec
----------------------------------------------------------
Test Passed.
"recv_transmit" end time: May 08 10:23 CST
"recv_transmit" time elapsed: 00:00:00
----------------------------------------------------------

23/40 Testing: recv_window
23/40 Test: recv_window
Command: "/home/yukinisakuhana/program/cs144/cmake-build/tests/recv_window_sanitized"
Directory: /home/yukinisakuhana/program/cs144/cmake-build
"recv_window" start time: May 08 10:23 CST
Output:
----------------------------------------------------------
<end of output>
Test time =   0.01 sec
----------------------------------------------------------
Test Passed.
"recv_window" end time: May 08 10:23 CST
"recv_window" time elapsed: 00:00:00
----------------------------------------------------------

24/40 Testing: recv_reorder
24/40 Test: recv_reorder
Command: "/home/yukinisakuhana/program/cs144/cmake-build/tests/recv_reorder_sanitized"
Directory: /home/yukinisakuhana/program/cs144/cmake-build
"recv_reorder" start time: May 08 10:23 CST
Output:
----------------------------------------------------------
<end of output>
Test time =   0.01 sec
----------------------------------------------------------
Test Passed.
"recv_reorder" end time: May 08 10:23 CST
"recv_reorder" time elapsed: 00:00:00
----------------------------------------------------------

25/40 Testing: recv_reorder_more
25/40 Test: recv_reorder_more
Command: "/home/yukinisakuhana/program/cs144/cmake-build/tests/recv_reorder_more_sanitized"
Directory: /home/yukinisakuhana/program/cs144/cmake-build
"recv_reorder_more" start time: May 08 10:23 CST
Output:
----------------------------------------------------------
<end of output>
Test time =   0.84 sec
----------------------------------------------------------
Test Passed.
"recv_reorder_more" end time: May 08 10:23 CST
"recv_reorder_more" time elapsed: 00:00:00
----------------------------------------------------------

26/40 Testing: recv_close
26/40 Test: recv_close
Command: "/home/yukinisakuhana/program/cs144/cmake-build/tests/recv_close_sanitized"
Directory: /home/yukinisakuhana/program/cs144/cmake-build
"recv_close" start time: May 08 10:23 CST
Output:
----------------------------------------------------------
<end of output>
Test time =   0.01 sec
----------------------------------------------------------
Test Passed.
"recv_close" end time: May 08 10:23 CST
"recv_close" time elapsed: 00:00:00
----------------------------------------------------------

27/40 Testing: recv_special
27/40 Test: recv_special
Command: "/home/yukinisakuhana/program/cs144/cmake-build/tests/recv_special_sanitized"
Directory: /home/yukinisakuhana/program/cs144/cmake-build
"recv_special" start time: May 08 10:23 CST
Output:
----------------------------------------------------------
<end of output>
Test time =   0.02 sec
----------------------------------------------------------
Test Passed.
"recv_special" end time: May 08 10:23 CST
"recv_special" time elapsed: 00:00:00
----------------------------------------------------------

37/40 Testing: no_skip
37/40 Test: no_skip
Command: "/home/yukinisakuhana/program/cs144/cmake-build/tests/no_skip_sanitized"
Directory: /home/yukinisakuhana/program/cs144/cmake-build
"no_skip" start time: May 08 10:23 CST
Output:
----------------------------------------------------------
<end of output>
Test time =   0.01 sec
----------------------------------------------------------
Test Passed.
"no_skip" end time: May 08 10:23 CST
"no_skip" time elapsed: 00:00:00
----------------------------------------------------------

38/40 Testing: compile with optimization
38/40 Test: compile with optimization
Command: "/usr/bin/cmake" "--build" "/home/yukinisakuhana/program/cs144/cmake-build" "-t" "speed_testing"
Directory: /home/yukinisakuhana/program/cs144/cmake-build
"compile with optimization" start time: May 08 10:23 CST
Output:
----------------------------------------------------------
ninja: no work to do.
<end of output>
Test time =   0.01 sec
----------------------------------------------------------
Test Passed.
"compile with optimization" end time: May 08 10:23 CST
"compile with optimization" time elapsed: 00:00:00
----------------------------------------------------------

39/40 Testing: byte_stream_speed_test
39/40 Test: byte_stream_speed_test
Command: "/home/yukinisakuhana/program/cs144/cmake-build/tests/byte_stream_speed_test"
Directory: /home/yukinisakuhana/program/cs144/cmake-build
"byte_stream_speed_test" start time: May 08 10:23 CST
Output:
----------------------------------------------------------
ByteStream with capacity=32768, write_size=1500, read_size=4096 reached 26.13 Gbit/s.
ByteStream with capacity=32768, write_size=1500, read_size=128 reached 22.59 Gbit/s.
ByteStream with capacity=32768, write_size=1500, read_size=32 reached 17.77 Gbit/s.
<end of output>
Test time =   0.15 sec
----------------------------------------------------------
Test Passed.
"byte_stream_speed_test" end time: May 08 10:23 CST
"byte_stream_speed_test" time elapsed: 00:00:00
----------------------------------------------------------

40/40 Testing: reassembler_speed_test
40/40 Test: reassembler_speed_test
Command: "/home/yukinisakuhana/program/cs144/cmake-build/tests/reassembler_speed_test"
Directory: /home/yukinisakuhana/program/cs144/cmake-build
"reassembler_speed_test" start time: May 08 10:23 CST
Output:
----------------------------------------------------------
Reassembler to ByteStream with capacity=32768 reached 85.46 Gbit/s.
Reassembler to ByteStream with capacity=32768 reached 12.75 Gbit/s.
<end of output>
Test time =   0.15 sec
----------------------------------------------------------
Test Passed.
"reassembler_speed_test" end time: May 08 10:23 CST
"reassembler_speed_test" time elapsed: 00:00:00
----------------------------------------------------------

End testing: May 08 10:23 CST
