Start testing: May 12 18:20 CST
----------------------------------------------------------
1/40 Testing: compile with bug-checkers
1/40 Test: compile with bug-checkers
Command: "/usr/bin/cmake" "--build" "/home/yukinisakuhana/program/cs144/cmake-build" "-t" "functionality_testing" "webget"
Directory: /home/yukinisakuhana/program/cs144/cmake-build
"compile with bug-checkers" start time: May 12 18:20 CST
Output:
----------------------------------------------------------
[2/71   1% :: 1.100] Building CXX object src/CMakeFiles/minnow_debug.dir/tcp_sender.cc.o
[3/71   2% :: 1.153] Linking CXX static library src/libminnow_debug.a
[24/71   4% :: 1.450] Linking CXX executable tests/wrapping_integers_wrap
[25/71   5% :: 1.479] Linking CXX executable tests/wrapping_integers_extra
[26/71   7% :: 1.495] Linking CXX executable tests/wrapping_integers_roundtrip
[27/71   8% :: 1.501] Linking CXX executable tests/byte_stream_capacity
[28/71   9% :: 1.508] Linking CXX executable tests/byte_stream_basics
[29/71  11% :: 1.515] Linking CXX executable tests/byte_stream_many_writes
[30/71  12% :: 1.516] Linking CXX executable tests/wrapping_integers_unwrap
[31/71  14% :: 1.528] Linking CXX executable tests/byte_stream_two_writes
[32/71  15% :: 1.534] Linking CXX executable tests/recv_window
[33/71  16% :: 1.538] Linking CXX executable tests/reassembler_cap
[34/71  18% :: 1.542] Linking CXX executable tests/recv_connect
[35/71  19% :: 1.546] Linking CXX executable tests/reassembler_seq
[36/71  21% :: 1.553] Linking CXX executable tests/wrapping_integers_cmp
[37/71  22% :: 1.565] Linking CXX executable tests/recv_transmit
[37/71  23% :: 1.575] Linking CXX executable tests/reassembler_single
[37/71  25% :: 1.581] Linking CXX executable tests/byte_stream_one_write
[37/71  26% :: 1.607] Linking CXX executable tests/byte_stream_stress_test
[37/71  28% :: 1.627] Linking CXX executable tests/reassembler_holes
[37/71  29% :: 1.659] Linking CXX executable tests/reassembler_overlapping
[37/71  30% :: 1.671] Linking CXX executable tests/reassembler_win
[37/71  32% :: 1.672] Linking CXX executable tests/reassembler_dup
[37/71  33% :: 1.828] Linking CXX executable tests/no_skip
[37/71  35% :: 1.848] Linking CXX executable tests/send_close
[37/71  36% :: 1.848] Linking CXX executable tests/recv_reorder
[37/71  38% :: 1.861] Linking CXX executable tests/recv_special
[37/71  39% :: 1.864] Linking CXX executable tests/recv_reorder_more
[37/71  40% :: 1.869] Linking CXX executable tests/recv_close
[37/71  42% :: 1.869] Linking CXX executable apps/webget
[37/71  43% :: 1.875] Linking CXX executable tests/send_connect
[37/71  45% :: 1.875] Linking CXX executable tests/send_window
[37/71  46% :: 1.886] Linking CXX executable tests/send_transmit
[37/71  47% :: 1.886] Linking CXX executable tests/send_retx
[37/71  49% :: 1.899] Linking CXX executable tests/send_extra
[37/71  50% :: 1.900] Linking CXX executable tests/send_ack
[37/71  52% :: 2.107] Building CXX object src/CMakeFiles/minnow_sanitized.dir/tcp_sender.cc.o
[38/71  53% :: 2.160] Linking CXX static library src/libminnow_sanitized.a
[60/71  54% :: 2.744] Linking CXX executable tests/wrapping_integers_unwrap_sanitized
[61/71  56% :: 2.759] Linking CXX executable tests/wrapping_integers_wrap_sanitized
[62/71  57% :: 2.784] Linking CXX executable tests/byte_stream_one_write_sanitized
[63/71  59% :: 2.789] Linking CXX executable tests/byte_stream_basics_sanitized
[64/71  60% :: 2.791] Linking CXX executable tests/byte_stream_many_writes_sanitized
[65/71  61% :: 2.813] Linking CXX executable tests/reassembler_seq_sanitized
[66/71  63% :: 2.815] Linking CXX executable tests/recv_reorder_sanitized
[67/71  64% :: 2.828] Linking CXX executable tests/recv_connect_sanitized
[68/71  66% :: 2.830] Linking CXX executable tests/wrapping_integers_cmp_sanitized
[69/71  67% :: 2.831] Linking CXX executable tests/reassembler_dup_sanitized
[70/71  69% :: 2.848] Linking CXX executable tests/reassembler_win_sanitized
[71/71  70% :: 2.883] Linking CXX executable tests/byte_stream_capacity_sanitized
[71/71  71% :: 2.908] Linking CXX executable tests/reassembler_cap_sanitized
[71/71  73% :: 2.922] Linking CXX executable tests/byte_stream_two_writes_sanitized
[71/71  74% :: 2.950] Linking CXX executable tests/reassembler_holes_sanitized
[71/71  76% :: 2.980] Linking CXX executable tests/recv_transmit_sanitized
[71/71  77% :: 3.053] Linking CXX executable tests/wrapping_integers_extra_sanitized
[71/71  78% :: 3.092] Linking CXX executable tests/byte_stream_stress_test_sanitized
[71/71  80% :: 3.118] Linking CXX executable tests/wrapping_integers_roundtrip_sanitized
[71/71  81% :: 3.131] Linking CXX executable tests/reassembler_overlapping_sanitized
[71/71  83% :: 3.151] Linking CXX executable tests/reassembler_single_sanitized
[71/71  84% :: 3.163] Linking CXX executable tests/recv_window_sanitized
[71/71  85% :: 3.381] Linking CXX executable tests/send_window_sanitized
[71/71  87% :: 3.387] Linking CXX executable tests/no_skip_sanitized
[71/71  88% :: 3.393] Linking CXX executable tests/recv_special_sanitized
[71/71  90% :: 3.399] Linking CXX executable tests/send_connect_sanitized
[71/71  91% :: 3.409] Linking CXX executable tests/send_extra_sanitized
[71/71  92% :: 3.417] Linking CXX executable tests/send_ack_sanitized
[71/71  94% :: 3.423] Linking CXX executable tests/recv_reorder_more_sanitized
[71/71  95% :: 3.423] Linking CXX executable tests/recv_close_sanitized
[71/71  97% :: 3.425] Linking CXX executable tests/send_transmit_sanitized
[71/71  98% :: 3.433] Linking CXX executable tests/send_retx_sanitized
[71/71 100% :: 3.453] Linking CXX executable tests/send_close_sanitized
<end of output>
Test time =   3.46 sec
----------------------------------------------------------
Test Passed.
"compile with bug-checkers" end time: May 12 18:20 CST
"compile with bug-checkers" time elapsed: 00:00:03
----------------------------------------------------------

3/40 Testing: byte_stream_basics
3/40 Test: byte_stream_basics
Command: "/home/yukinisakuhana/program/cs144/cmake-build/tests/byte_stream_basics_sanitized"
Directory: /home/yukinisakuhana/program/cs144/cmake-build
"byte_stream_basics" start time: May 12 18:20 CST
Output:
----------------------------------------------------------
<end of output>
Test time =   0.02 sec
----------------------------------------------------------
Test Passed.
"byte_stream_basics" end time: May 12 18:20 CST
"byte_stream_basics" time elapsed: 00:00:00
----------------------------------------------------------

4/40 Testing: byte_stream_capacity
4/40 Test: byte_stream_capacity
Command: "/home/yukinisakuhana/program/cs144/cmake-build/tests/byte_stream_capacity_sanitized"
Directory: /home/yukinisakuhana/program/cs144/cmake-build
"byte_stream_capacity" start time: May 12 18:20 CST
Output:
----------------------------------------------------------
<end of output>
Test time =   0.01 sec
----------------------------------------------------------
Test Passed.
"byte_stream_capacity" end time: May 12 18:20 CST
"byte_stream_capacity" time elapsed: 00:00:00
----------------------------------------------------------

5/40 Testing: byte_stream_one_write
5/40 Test: byte_stream_one_write
Command: "/home/yukinisakuhana/program/cs144/cmake-build/tests/byte_stream_one_write_sanitized"
Directory: /home/yukinisakuhana/program/cs144/cmake-build
"byte_stream_one_write" start time: May 12 18:20 CST
Output:
----------------------------------------------------------
<end of output>
Test time =   0.02 sec
----------------------------------------------------------
Test Passed.
"byte_stream_one_write" end time: May 12 18:20 CST
"byte_stream_one_write" time elapsed: 00:00:00
----------------------------------------------------------

6/40 Testing: byte_stream_two_writes
6/40 Test: byte_stream_two_writes
Command: "/home/yukinisakuhana/program/cs144/cmake-build/tests/byte_stream_two_writes_sanitized"
Directory: /home/yukinisakuhana/program/cs144/cmake-build
"byte_stream_two_writes" start time: May 12 18:20 CST
Output:
----------------------------------------------------------
<end of output>
Test time =   0.01 sec
----------------------------------------------------------
Test Passed.
"byte_stream_two_writes" end time: May 12 18:20 CST
"byte_stream_two_writes" time elapsed: 00:00:00
----------------------------------------------------------

7/40 Testing: byte_stream_many_writes
7/40 Test: byte_stream_many_writes
Command: "/home/yukinisakuhana/program/cs144/cmake-build/tests/byte_stream_many_writes_sanitized"
Directory: /home/yukinisakuhana/program/cs144/cmake-build
"byte_stream_many_writes" start time: May 12 18:20 CST
Output:
----------------------------------------------------------
<end of output>
Test time =   0.06 sec
----------------------------------------------------------
Test Passed.
"byte_stream_many_writes" end time: May 12 18:20 CST
"byte_stream_many_writes" time elapsed: 00:00:00
----------------------------------------------------------

8/40 Testing: byte_stream_stress_test
8/40 Test: byte_stream_stress_test
Command: "/home/yukinisakuhana/program/cs144/cmake-build/tests/byte_stream_stress_test_sanitized"
Directory: /home/yukinisakuhana/program/cs144/cmake-build
"byte_stream_stress_test" start time: May 12 18:20 CST
Output:
----------------------------------------------------------
<end of output>
Test time =   0.13 sec
----------------------------------------------------------
Test Passed.
"byte_stream_stress_test" end time: May 12 18:20 CST
"byte_stream_stress_test" time elapsed: 00:00:00
----------------------------------------------------------

9/40 Testing: reassembler_single
9/40 Test: reassembler_single
Command: "/home/yukinisakuhana/program/cs144/cmake-build/tests/reassembler_single_sanitized"
Directory: /home/yukinisakuhana/program/cs144/cmake-build
"reassembler_single" start time: May 12 18:20 CST
Output:
----------------------------------------------------------
<end of output>
Test time =   0.01 sec
----------------------------------------------------------
Test Passed.
"reassembler_single" end time: May 12 18:20 CST
"reassembler_single" time elapsed: 00:00:00
----------------------------------------------------------

10/40 Testing: reassembler_cap
10/40 Test: reassembler_cap
Command: "/home/yukinisakuhana/program/cs144/cmake-build/tests/reassembler_cap_sanitized"
Directory: /home/yukinisakuhana/program/cs144/cmake-build
"reassembler_cap" start time: May 12 18:20 CST
Output:
----------------------------------------------------------
<end of output>
Test time =   0.02 sec
----------------------------------------------------------
Test Passed.
"reassembler_cap" end time: May 12 18:20 CST
"reassembler_cap" time elapsed: 00:00:00
----------------------------------------------------------

11/40 Testing: reassembler_seq
11/40 Test: reassembler_seq
Command: "/home/yukinisakuhana/program/cs144/cmake-build/tests/reassembler_seq_sanitized"
Directory: /home/yukinisakuhana/program/cs144/cmake-build
"reassembler_seq" start time: May 12 18:20 CST
Output:
----------------------------------------------------------
<end of output>
Test time =   0.02 sec
----------------------------------------------------------
Test Passed.
"reassembler_seq" end time: May 12 18:20 CST
"reassembler_seq" time elapsed: 00:00:00
----------------------------------------------------------

12/40 Testing: reassembler_dup
12/40 Test: reassembler_dup
Command: "/home/yukinisakuhana/program/cs144/cmake-build/tests/reassembler_dup_sanitized"
Directory: /home/yukinisakuhana/program/cs144/cmake-build
"reassembler_dup" start time: May 12 18:20 CST
Output:
----------------------------------------------------------
<end of output>
Test time =   0.05 sec
----------------------------------------------------------
Test Passed.
"reassembler_dup" end time: May 12 18:20 CST
"reassembler_dup" time elapsed: 00:00:00
----------------------------------------------------------

13/40 Testing: reassembler_holes
13/40 Test: reassembler_holes
Command: "/home/yukinisakuhana/program/cs144/cmake-build/tests/reassembler_holes_sanitized"
Directory: /home/yukinisakuhana/program/cs144/cmake-build
"reassembler_holes" start time: May 12 18:20 CST
Output:
----------------------------------------------------------
<end of output>
Test time =   0.02 sec
----------------------------------------------------------
Test Passed.
"reassembler_holes" end time: May 12 18:20 CST
"reassembler_holes" time elapsed: 00:00:00
----------------------------------------------------------

14/40 Testing: reassembler_overlapping
14/40 Test: reassembler_overlapping
Command: "/home/yukinisakuhana/program/cs144/cmake-build/tests/reassembler_overlapping_sanitized"
Directory: /home/yukinisakuhana/program/cs144/cmake-build
"reassembler_overlapping" start time: May 12 18:20 CST
Output:
----------------------------------------------------------
<end of output>
Test time =   0.02 sec
----------------------------------------------------------
Test Passed.
"reassembler_overlapping" end time: May 12 18:20 CST
"reassembler_overlapping" time elapsed: 00:00:00
----------------------------------------------------------

15/40 Testing: reassembler_win
15/40 Test: reassembler_win
Command: "/home/yukinisakuhana/program/cs144/cmake-build/tests/reassembler_win_sanitized"
Directory: /home/yukinisakuhana/program/cs144/cmake-build
"reassembler_win" start time: May 12 18:20 CST
Output:
----------------------------------------------------------
<end of output>
Test time =   0.32 sec
----------------------------------------------------------
Test Passed.
"reassembler_win" end time: May 12 18:20 CST
"reassembler_win" time elapsed: 00:00:00
----------------------------------------------------------

16/40 Testing: wrapping_integers_cmp
16/40 Test: wrapping_integers_cmp
Command: "/home/yukinisakuhana/program/cs144/cmake-build/tests/wrapping_integers_cmp_sanitized"
Directory: /home/yukinisakuhana/program/cs144/cmake-build
"wrapping_integers_cmp" start time: May 12 18:20 CST
Output:
----------------------------------------------------------
<end of output>
Test time =   0.02 sec
----------------------------------------------------------
Test Passed.
"wrapping_integers_cmp" end time: May 12 18:20 CST
"wrapping_integers_cmp" time elapsed: 00:00:00
----------------------------------------------------------

17/40 Testing: wrapping_integers_wrap
17/40 Test: wrapping_integers_wrap
Command: "/home/yukinisakuhana/program/cs144/cmake-build/tests/wrapping_integers_wrap_sanitized"
Directory: /home/yukinisakuhana/program/cs144/cmake-build
"wrapping_integers_wrap" start time: May 12 18:20 CST
Output:
----------------------------------------------------------
<end of output>
Test time =   0.01 sec
----------------------------------------------------------
Test Passed.
"wrapping_integers_wrap" end time: May 12 18:20 CST
"wrapping_integers_wrap" time elapsed: 00:00:00
----------------------------------------------------------

18/40 Testing: wrapping_integers_unwrap
18/40 Test: wrapping_integers_unwrap
Command: "/home/yukinisakuhana/program/cs144/cmake-build/tests/wrapping_integers_unwrap_sanitized"
Directory: /home/yukinisakuhana/program/cs144/cmake-build
"wrapping_integers_unwrap" start time: May 12 18:20 CST
Output:
----------------------------------------------------------
<end of output>
Test time =   0.01 sec
----------------------------------------------------------
Test Passed.
"wrapping_integers_unwrap" end time: May 12 18:20 CST
"wrapping_integers_unwrap" time elapsed: 00:00:00
----------------------------------------------------------

19/40 Testing: wrapping_integers_roundtrip
19/40 Test: wrapping_integers_roundtrip
Command: "/home/yukinisakuhana/program/cs144/cmake-build/tests/wrapping_integers_roundtrip_sanitized"
Directory: /home/yukinisakuhana/program/cs144/cmake-build
"wrapping_integers_roundtrip" start time: May 12 18:20 CST
Output:
----------------------------------------------------------
<end of output>
Test time =   0.15 sec
----------------------------------------------------------
Test Passed.
"wrapping_integers_roundtrip" end time: May 12 18:20 CST
"wrapping_integers_roundtrip" time elapsed: 00:00:00
----------------------------------------------------------

20/40 Testing: wrapping_integers_extra
20/40 Test: wrapping_integers_extra
Command: "/home/yukinisakuhana/program/cs144/cmake-build/tests/wrapping_integers_extra_sanitized"
Directory: /home/yukinisakuhana/program/cs144/cmake-build
"wrapping_integers_extra" start time: May 12 18:20 CST
Output:
----------------------------------------------------------
<end of output>
Test time =   0.10 sec
----------------------------------------------------------
Test Passed.
"wrapping_integers_extra" end time: May 12 18:20 CST
"wrapping_integers_extra" time elapsed: 00:00:00
----------------------------------------------------------

21/40 Testing: recv_connect
21/40 Test: recv_connect
Command: "/home/yukinisakuhana/program/cs144/cmake-build/tests/recv_connect_sanitized"
Directory: /home/yukinisakuhana/program/cs144/cmake-build
"recv_connect" start time: May 12 18:20 CST
Output:
----------------------------------------------------------
<end of output>
Test time =   0.01 sec
----------------------------------------------------------
Test Passed.
"recv_connect" end time: May 12 18:20 CST
"recv_connect" time elapsed: 00:00:00
----------------------------------------------------------

22/40 Testing: recv_transmit
22/40 Test: recv_transmit
Command: "/home/yukinisakuhana/program/cs144/cmake-build/tests/recv_transmit_sanitized"
Directory: /home/yukinisakuhana/program/cs144/cmake-build
"recv_transmit" start time: May 12 18:20 CST
Output:
----------------------------------------------------------
<end of output>
Test time =   0.39 sec
----------------------------------------------------------
Test Passed.
"recv_transmit" end time: May 12 18:20 CST
"recv_transmit" time elapsed: 00:00:00
----------------------------------------------------------

23/40 Testing: recv_window
23/40 Test: recv_window
Command: "/home/yukinisakuhana/program/cs144/cmake-build/tests/recv_window_sanitized"
Directory: /home/yukinisakuhana/program/cs144/cmake-build
"recv_window" start time: May 12 18:20 CST
Output:
----------------------------------------------------------
<end of output>
Test time =   0.01 sec
----------------------------------------------------------
Test Passed.
"recv_window" end time: May 12 18:20 CST
"recv_window" time elapsed: 00:00:00
----------------------------------------------------------

24/40 Testing: recv_reorder
24/40 Test: recv_reorder
Command: "/home/yukinisakuhana/program/cs144/cmake-build/tests/recv_reorder_sanitized"
Directory: /home/yukinisakuhana/program/cs144/cmake-build
"recv_reorder" start time: May 12 18:20 CST
Output:
----------------------------------------------------------
<end of output>
Test time =   0.02 sec
----------------------------------------------------------
Test Passed.
"recv_reorder" end time: May 12 18:20 CST
"recv_reorder" time elapsed: 00:00:00
----------------------------------------------------------

25/40 Testing: recv_reorder_more
25/40 Test: recv_reorder_more
Command: "/home/yukinisakuhana/program/cs144/cmake-build/tests/recv_reorder_more_sanitized"
Directory: /home/yukinisakuhana/program/cs144/cmake-build
"recv_reorder_more" start time: May 12 18:20 CST
Output:
----------------------------------------------------------
<end of output>
Test time =   1.09 sec
----------------------------------------------------------
Test Passed.
"recv_reorder_more" end time: May 12 18:20 CST
"recv_reorder_more" time elapsed: 00:00:01
----------------------------------------------------------

26/40 Testing: recv_close
26/40 Test: recv_close
Command: "/home/yukinisakuhana/program/cs144/cmake-build/tests/recv_close_sanitized"
Directory: /home/yukinisakuhana/program/cs144/cmake-build
"recv_close" start time: May 12 18:20 CST
Output:
----------------------------------------------------------
<end of output>
Test time =   0.02 sec
----------------------------------------------------------
Test Passed.
"recv_close" end time: May 12 18:20 CST
"recv_close" time elapsed: 00:00:00
----------------------------------------------------------

27/40 Testing: recv_special
27/40 Test: recv_special
Command: "/home/yukinisakuhana/program/cs144/cmake-build/tests/recv_special_sanitized"
Directory: /home/yukinisakuhana/program/cs144/cmake-build
"recv_special" start time: May 12 18:20 CST
Output:
----------------------------------------------------------
<end of output>
Test time =   0.03 sec
----------------------------------------------------------
Test Passed.
"recv_special" end time: May 12 18:20 CST
"recv_special" time elapsed: 00:00:00
----------------------------------------------------------

28/40 Testing: send_connect
28/40 Test: send_connect
Command: "/home/yukinisakuhana/program/cs144/cmake-build/tests/send_connect_sanitized"
Directory: /home/yukinisakuhana/program/cs144/cmake-build
"send_connect" start time: May 12 18:20 CST
Output:
----------------------------------------------------------
<end of output>
Test time =   0.02 sec
----------------------------------------------------------
Test Passed.
"send_connect" end time: May 12 18:20 CST
"send_connect" time elapsed: 00:00:00
----------------------------------------------------------

29/40 Testing: send_transmit
29/40 Test: send_transmit
Command: "/home/yukinisakuhana/program/cs144/cmake-build/tests/send_transmit_sanitized"
Directory: /home/yukinisakuhana/program/cs144/cmake-build
"send_transmit" start time: May 12 18:20 CST
Output:
----------------------------------------------------------
the individual test step wrote more than 1,000 debug messages
<end of output>
Test time =   0.82 sec
----------------------------------------------------------
Test Passed.
"send_transmit" end time: May 12 18:20 CST
"send_transmit" time elapsed: 00:00:00
----------------------------------------------------------

30/40 Testing: send_window
30/40 Test: send_window
Command: "/home/yukinisakuhana/program/cs144/cmake-build/tests/send_window_sanitized"
Directory: /home/yukinisakuhana/program/cs144/cmake-build
"send_window" start time: May 12 18:20 CST
Output:
----------------------------------------------------------
<end of output>
Test time =   0.16 sec
----------------------------------------------------------
Test Passed.
"send_window" end time: May 12 18:20 CST
"send_window" time elapsed: 00:00:00
----------------------------------------------------------

31/40 Testing: send_ack
31/40 Test: send_ack
Command: "/home/yukinisakuhana/program/cs144/cmake-build/tests/send_ack_sanitized"
Directory: /home/yukinisakuhana/program/cs144/cmake-build
"send_ack" start time: May 12 18:20 CST
Output:
----------------------------------------------------------
<end of output>
Test time =   0.02 sec
----------------------------------------------------------
Test Passed.
"send_ack" end time: May 12 18:20 CST
"send_ack" time elapsed: 00:00:00
----------------------------------------------------------

32/40 Testing: send_close
32/40 Test: send_close
Command: "/home/yukinisakuhana/program/cs144/cmake-build/tests/send_close_sanitized"
Directory: /home/yukinisakuhana/program/cs144/cmake-build
"send_close" start time: May 12 18:20 CST
Output:
----------------------------------------------------------
<end of output>
Test time =   0.02 sec
----------------------------------------------------------
Test Passed.
"send_close" end time: May 12 18:20 CST
"send_close" time elapsed: 00:00:00
----------------------------------------------------------

33/40 Testing: send_retx
33/40 Test: send_retx
Command: "/home/yukinisakuhana/program/cs144/cmake-build/tests/send_retx_sanitized"
Directory: /home/yukinisakuhana/program/cs144/cmake-build
"send_retx" start time: May 12 18:20 CST
Output:
----------------------------------------------------------
<end of output>
Test time =   0.02 sec
----------------------------------------------------------
Test Passed.
"send_retx" end time: May 12 18:20 CST
"send_retx" time elapsed: 00:00:00
----------------------------------------------------------

34/40 Testing: send_extra
34/40 Test: send_extra
Command: "/home/yukinisakuhana/program/cs144/cmake-build/tests/send_extra_sanitized"
Directory: /home/yukinisakuhana/program/cs144/cmake-build
"send_extra" start time: May 12 18:20 CST
Output:
----------------------------------------------------------

The test "Don't add FIN if this would make the segment exceed the receiver's window" failed after these steps:

  0.	Initialized SenderAndOutput with initial_RTO_ms=5159 and ISN=Wrap32<1581769787>
  1.	TCPSender action: push
    	  with debug output: a) “seq = 0 , isn_ = 0 , windowsize = 1”
    	                     b) “seq = 0 , isn_ = 0 , payload =  ,FIN = false ,reader_is_finished = false”
    	                     c) “msgq.size = 1”
  2.	TCPSender expectation: message sent with seqno=Wrap32<1581769787> +SYN (no payload) -FIN -RST
  3.	TCPSender action: push "abc" to stream, close it, then push to TCPSender
    	  with debug output: “seq = 1 , isn_ = 0 , windowsize = 0”
  4.	TCPSender action: receive(ack=Some(Wrap32<1581769788>), win=3), then push
    	  with debug output: a) “seq = 1581769787 , size = 1”
    	                     b) “seq = 1 , isn_ = 0 , windowsize = 3”
    	                     c) “seq = 1 , isn_ = 0 , payload = abc ,FIN = false ,reader_is_finished = true”
    	                     d) “msgq.size = 1”
  5.	TCPSender expectation: message sent with seqno=Wrap32<1581769788> -SYN payload="abc" -FIN -RST
  6.	TCPSender expectation: make_empty_message().seqno = Wrap32<1581769791>
  7.	TCPSender expectation: sequence_numbers_in_flight = 3
  8.	TCPSender action: receive(ack=Some(Wrap32<1581769789>), win=2), then push
    	  with debug output: a) “seq = 4 , isn_ = 0 , windowsize = 2”
    	                     b) “seq = 4 , isn_ = 0 , payload =  ,FIN = true ,reader_is_finished = true”
    	                     c) “msgq.size = 2”
  ***** Unsuccessful TCPSender expectation: nothing to send *****

Unmet Expectation: The TCPSender sent unexpected message: (seqno=Wrap32<1581769791> +FIN).

The test "Don't add FIN if this would make the segment exceed the receiver's window" failed because of an unmet expectation.
<end of output>
Test time =   0.03 sec
----------------------------------------------------------
Test Failed.
"send_extra" end time: May 12 18:20 CST
"send_extra" time elapsed: 00:00:00
----------------------------------------------------------

End testing: May 12 18:20 CST
