<?xml version="1.0" encoding="UTF-8"?>
<Site BuildName="Linux-clang++"
	BuildStamp="20250525-0152-Experimental"
	Name="YuKi-ASUA"
	Generator="ctest-3.28.3"
	CompilerName="/usr/bin/clang++"
	CompilerVersion="18.1.3"
	OSName="Linux"
	Hostname="YuKi-ASUA"
	OSRelease="6.8.0-51-generic"
	OSVersion="#52-Ubuntu SMP PREEMPT_DYNAMIC Thu Dec  5 13:09:44 UTC 2024"
	OSPlatform="x86_64"
	Is64Bits="1"
	VendorString="GenuineIntel"
	VendorID="Intel Corporation"
	FamilyID="6"
	ModelID="154"
	ProcessorCacheSize="24576"
	NumberOfLogicalCPU="20"
	NumberOfPhysicalCPU="14"
	TotalVirtualMemory="26647"
	TotalPhysicalMemory="15610"
	LogicalProcessorsPerPhysical="1"
	ProcessorClockFrequency="3697.07"
	>
	<Testing>
		<StartDateTime>May 25 15:32 CST</StartDateTime>
		<StartTestTime>1748158337</StartTestTime>
		<TestList/>
		<EndDateTime>May 25 15:32 CST</EndDateTime>
		<EndTestTime>1748158337</EndTestTime>
		<ElapsedMinutes>0</ElapsedMinutes>
	</Testing>
</Site>
